Using pre-set license
Built from '2020.2/release' branch; Version is '2020.2.1f1 (270dd8c3da1c) revision 2559448'; Using compiler version '192528614'; Build Type 'Release'
OS: 'Windows 10  (10.0.0) 64bit' Language: 'en' Physical Memory: 16315 MB
BatchMode: 1, IsHumanControllingUs: 0, StartBugReporterOnCrash: 0, Is64bit: 1, IsPro: 0

 COMMAND LINE ARGUMENTS:
D:\Unity\Editor\2020.2.1f1\Editor\Unity.exe
-adb2
-batchMode
-noUpm
-name
AssetImportWorker0
-projectPath
D:/Ausbildung/Projects/GridBuilding-Pathfinding/Sample Project
-logFile
Logs/AssetImportWorker0.log
-srvPort
61945
Successfully changed project path to: D:/Ausbildung/Projects/GridBuilding-Pathfinding/Sample Project
D:/Ausbildung/Projects/GridBuilding-Pathfinding/Sample Project
Using Asset Import Pipeline V2.
Refreshing native plugins compatible for Editor in 45.98 ms, found 0 plugins.
Preloading 0 native plugins for Editor in 0.00 ms.
Initialize engine version: 2020.2.1f1 (270dd8c3da1c)
[Subsystems] Discovering subsystems at path D:/Unity/Editor/2020.2.1f1/Editor/Data/Resources/UnitySubsystems
[Subsystems] Discovering subsystems at path D:/Ausbildung/Projects/GridBuilding-Pathfinding/Sample Project/Assets
GfxDevice: creating device client; threaded=0
Direct3D:
    Version:  Direct3D 11.0 [level 11.1]
    Renderer: NVIDIA GeForce RTX 2060 (ID=0x1f08)
    Vendor:   
    VRAM:     5980 MB
    Driver:   27.21.14.6109
Initialize mono
Mono path[0] = 'D:/Unity/Editor/2020.2.1f1/Editor/Data/Managed'
Mono path[1] = 'D:/Unity/Editor/2020.2.1f1/Editor/Data/MonoBleedingEdge/lib/mono/unityjit'
Mono config path = 'D:/Unity/Editor/2020.2.1f1/Editor/Data/MonoBleedingEdge/etc'
Using monoOptions --debugger-agent=transport=dt_socket,embedding=1,server=y,suspend=n,address=127.0.0.1:56440
Begin MonoManager ReloadAssembly
Registering precompiled unity dll's ...
Register platform support module: D:/Unity/Editor/2020.2.1f1/Editor/Data/PlaybackEngines/WindowsStandaloneSupport/UnityEditor.WindowsStandalone.Extensions.dll
Register platform support module: D:/Unity/Editor/2020.2.1f1/Editor/Data/PlaybackEngines/LinuxStandaloneSupport/UnityEditor.LinuxStandalone.Extensions.dll
Registered in 0.001657 seconds.
Native extension for LinuxStandalone target not found
Native extension for WindowsStandalone target not found
Refreshing native plugins compatible for Editor in 46.53 ms, found 0 plugins.
Preloading 0 native plugins for Editor in 0.00 ms.
Invoked RoslynAnalysisRunner static constructor.
RoslynAnalysisRunner will not be running.
RoslynAnalysisRunner has terminated.
Mono: successfully reloaded assembly
- Completed reload, in  2.618 seconds
Platform modules already initialized, skipping
Registering precompiled user dll's ...
Registered in 0.001449 seconds.
Begin MonoManager ReloadAssembly
Native extension for LinuxStandalone target not found
Native extension for WindowsStandalone target not found
Refreshing native plugins compatible for Editor in 48.25 ms, found 0 plugins.
Preloading 0 native plugins for Editor in 0.00 ms.
Invoked RoslynAnalysisRunner static constructor.
RoslynAnalysisRunner will not be running.
RoslynAnalysisRunner has terminated.
Mono: successfully reloaded assembly
- Completed reload, in  1.000 seconds
Platform modules already initialized, skipping
========================================================================
Worker process is ready to serve import requests
Shader 'Universal Render Pipeline/Particles/Lit': fallback shader 'Universal Render Pipeline/Particles/SimpleLit' not found
Shader 'Universal Render Pipeline/Particles/Lit': fallback shader 'Universal Render Pipeline/Particles/SimpleLit' not found
Launched and connected shader compiler UnityShaderCompiler.exe after 0.05 seconds
Refreshing native plugins compatible for Editor in 0.40 ms, found 0 plugins.
Preloading 0 native plugins for Editor in 0.00 ms.
Unloading 2405 Unused Serialized files (Serialized files now loaded: 0)
System memory in use before: 111.3 MB.
System memory in use after: 109.3 MB.

Unloading 45 unused Assets to reduce memory usage. Loaded Objects now: 2811.
Total: 3.720400 ms (FindLiveObjects: 0.261700 ms CreateObjectMapping: 0.062600 ms MarkObjects: 2.045800 ms  DeleteObjects: 1.349200 ms)

========================================================================
Received Import Request.
  path: Assets/Scripts/HousePlacement.cs
  artifactKey: Guid(94609ebe15f752c4d8286ef801624a22) Importer(815301076,1909f56bfc062723c751e8b465ee728b)
Start importing Assets/Scripts/HousePlacement.cs using Guid(94609ebe15f752c4d8286ef801624a22) Importer(815301076,1909f56bfc062723c751e8b465ee728b)  -> (artifact id: '1a19b8218c82c5f256dfd30f65761980') in 0.062447 seconds
  Import took 0.066215 seconds .

========================================================================
Received Import Request.
  Time since last request: 0.000212 seconds.
  path: Assets/Scripts/StreetPlacement.cs
  artifactKey: Guid(6486688bc4ae2524ab1308c3fb8da7a7) Importer(815301076,1909f56bfc062723c751e8b465ee728b)
Start importing Assets/Scripts/StreetPlacement.cs using Guid(6486688bc4ae2524ab1308c3fb8da7a7) Importer(815301076,1909f56bfc062723c751e8b465ee728b)  -> (artifact id: '6f7ddc2574bf08a93c8f5f6135421f4e') in 0.007068 seconds
  Import took 0.010247 seconds .

========================================================================
Received Import Request.
  Time since last request: 19.711458 seconds.
  path: Assets/Scripts/Game
  artifactKey: Guid(279cec4a3a63eca41a61f9ada25be337) Importer(815301076,1909f56bfc062723c751e8b465ee728b)
Start importing Assets/Scripts/Game using Guid(279cec4a3a63eca41a61f9ada25be337) Importer(815301076,1909f56bfc062723c751e8b465ee728b)  -> (artifact id: '6d3e39a46335c158f9a08b8462cea8e2') in 0.010047 seconds
  Import took 0.014931 seconds .

========================================================================
Received Import Request.
  Time since last request: 2.239660 seconds.
  path: Assets/Scripts/AudioPlayer.cs
  artifactKey: Guid(5daff3c079fae944b893a2506b415bc0) Importer(815301076,1909f56bfc062723c751e8b465ee728b)
Start importing Assets/Scripts/AudioPlayer.cs using Guid(5daff3c079fae944b893a2506b415bc0) Importer(815301076,1909f56bfc062723c751e8b465ee728b)  -> (artifact id: '0751936be529ea43cd5ba2ee7d639ace') in 0.011258 seconds
  Import took 0.016680 seconds .

========================================================================
Received Import Request.
  Time since last request: 0.002607 seconds.
  path: Assets/Scripts/AudioPlayer.cs
  artifactKey: Guid(5daff3c079fae944b893a2506b415bc0) Importer(815301076,1909f56bfc062723c751e8b465ee728b)
Start importing Assets/Scripts/AudioPlayer.cs using Guid(5daff3c079fae944b893a2506b415bc0) Importer(815301076,1909f56bfc062723c751e8b465ee728b)  -> (artifact id: '0751936be529ea43cd5ba2ee7d639ace') in 0.006116 seconds
  Import took 0.011018 seconds .

========================================================================
Received Prepare
Registering precompiled user dll's ...
Registered in 0.001495 seconds.
Begin MonoManager ReloadAssembly
Native extension for LinuxStandalone target not found
Native extension for WindowsStandalone target not found
Refreshing native plugins compatible for Editor in 0.44 ms, found 0 plugins.
Preloading 0 native plugins for Editor in 0.00 ms.
Invoked RoslynAnalysisRunner static constructor.
RoslynAnalysisRunner will not be running.
RoslynAnalysisRunner has terminated.
Mono: successfully reloaded assembly
- Completed reload, in  0.892 seconds
Platform modules already initialized, skipping
Shader 'Universal Render Pipeline/Particles/Lit': fallback shader 'Universal Render Pipeline/Particles/SimpleLit' not found
Shader 'Universal Render Pipeline/Particles/Lit': fallback shader 'Universal Render Pipeline/Particles/SimpleLit' not found
Refreshing native plugins compatible for Editor in 0.45 ms, found 0 plugins.
Preloading 0 native plugins for Editor in 0.00 ms.
Unloading 2331 Unused Serialized files (Serialized files now loaded: 0)
System memory in use before: 108.6 MB.
System memory in use after: 106.6 MB.

Unloading 40 unused Assets to reduce memory usage. Loaded Objects now: 2813.
Total: 4.211200 ms (FindLiveObjects: 0.387700 ms CreateObjectMapping: 0.083200 ms MarkObjects: 2.200000 ms  DeleteObjects: 1.539000 ms)

========================================================================
Received Import Request.
  Time since last request: 50.381015 seconds.
  path: Assets/Scripts/Game/Grid
  artifactKey: Guid(8b1c7b60bd50b7d4db0fa1fef30ce692) Importer(815301076,1909f56bfc062723c751e8b465ee728b)
Start importing Assets/Scripts/Game/Grid using Guid(8b1c7b60bd50b7d4db0fa1fef30ce692) Importer(815301076,1909f56bfc062723c751e8b465ee728b)  -> (artifact id: '8ff43ee21a45feb2251b1ea89e2aecb6') in 0.010911 seconds
  Import took 0.014621 seconds .

========================================================================
Received Import Request.
  Time since last request: 7.394462 seconds.
  path: Assets/Scripts/GridExtension.cs
  artifactKey: Guid(a0780dcd2685ade4dbbadba236c52f4c) Importer(815301076,1909f56bfc062723c751e8b465ee728b)
Start importing Assets/Scripts/GridExtension.cs using Guid(a0780dcd2685ade4dbbadba236c52f4c) Importer(815301076,1909f56bfc062723c751e8b465ee728b)  -> (artifact id: 'ca59659219b7de27c484948ea502f7a4') in 0.007238 seconds
  Import took 0.010842 seconds .

========================================================================
Received Import Request.
  Time since last request: 0.024487 seconds.
  path: Assets/Scripts/GridExtension.cs
  artifactKey: Guid(a0780dcd2685ade4dbbadba236c52f4c) Importer(815301076,1909f56bfc062723c751e8b465ee728b)
Start importing Assets/Scripts/GridExtension.cs using Guid(a0780dcd2685ade4dbbadba236c52f4c) Importer(815301076,1909f56bfc062723c751e8b465ee728b)  -> (artifact id: 'ca59659219b7de27c484948ea502f7a4') in 0.003469 seconds
  Import took 0.007287 seconds .

========================================================================
Received Import Request.
  Time since last request: 0.550504 seconds.
  path: Assets/Scripts/Grid.cs
  artifactKey: Guid(cca2e93783403f44faf31cc998228cc6) Importer(815301076,1909f56bfc062723c751e8b465ee728b)
Start importing Assets/Scripts/Grid.cs using Guid(cca2e93783403f44faf31cc998228cc6) Importer(815301076,1909f56bfc062723c751e8b465ee728b)  -> (artifact id: '87517ff6f6b9d74be4f566ab136ad0cd') in 0.003328 seconds
  Import took 0.007001 seconds .

========================================================================
Received Prepare
Registering precompiled user dll's ...
Registered in 0.001555 seconds.
Begin MonoManager ReloadAssembly
Native extension for LinuxStandalone target not found
Native extension for WindowsStandalone target not found
Refreshing native plugins compatible for Editor in 0.40 ms, found 0 plugins.
Preloading 0 native plugins for Editor in 0.00 ms.
Invoked RoslynAnalysisRunner static constructor.
RoslynAnalysisRunner will not be running.
RoslynAnalysisRunner has terminated.
Mono: successfully reloaded assembly
- Completed reload, in  0.865 seconds
Platform modules already initialized, skipping
Shader 'Universal Render Pipeline/Particles/Lit': fallback shader 'Universal Render Pipeline/Particles/SimpleLit' not found
Shader 'Universal Render Pipeline/Particles/Lit': fallback shader 'Universal Render Pipeline/Particles/SimpleLit' not found
Refreshing native plugins compatible for Editor in 0.41 ms, found 0 plugins.
Preloading 0 native plugins for Editor in 0.00 ms.
Unloading 2331 Unused Serialized files (Serialized files now loaded: 0)
System memory in use before: 109.6 MB.
System memory in use after: 107.7 MB.

Unloading 40 unused Assets to reduce memory usage. Loaded Objects now: 2815.
Total: 4.559500 ms (FindLiveObjects: 0.472300 ms CreateObjectMapping: 0.155300 ms MarkObjects: 2.530700 ms  DeleteObjects: 1.398600 ms)

========================================================================
Received Import Request.
  Time since last request: 11.057135 seconds.
  path: Assets/Scripts/CameraMovement.cs
  artifactKey: Guid(23955f40d60750642a649bbde1a07458) Importer(815301076,1909f56bfc062723c751e8b465ee728b)
Start importing Assets/Scripts/CameraMovement.cs using Guid(23955f40d60750642a649bbde1a07458) Importer(815301076,1909f56bfc062723c751e8b465ee728b)  -> (artifact id: 'd130b628e9b67679d0df698d215a0f66') in 0.012120 seconds
  Import took 0.029947 seconds .

========================================================================
Received Import Request.
  Time since last request: 22.808496 seconds.
  path: Assets/Scripts/Game/Placement
  artifactKey: Guid(b020d99d2106f2544864ff7dedd86316) Importer(815301076,1909f56bfc062723c751e8b465ee728b)
Start importing Assets/Scripts/Game/Placement using Guid(b020d99d2106f2544864ff7dedd86316) Importer(815301076,1909f56bfc062723c751e8b465ee728b)  -> (artifact id: '370fe7a6583c42037de3c3f19ae439ad') in 0.008315 seconds
  Import took 0.012155 seconds .

========================================================================
Received Import Request.
  Time since last request: 0.000340 seconds.
  path: Assets/Scripts/Game/Placement
  artifactKey: Guid(b020d99d2106f2544864ff7dedd86316) Importer(815301076,1909f56bfc062723c751e8b465ee728b)
Start importing Assets/Scripts/Game/Placement using Guid(b020d99d2106f2544864ff7dedd86316) Importer(815301076,1909f56bfc062723c751e8b465ee728b)  -> (artifact id: '370fe7a6583c42037de3c3f19ae439ad') in 0.003449 seconds
  Import took 0.007396 seconds .

========================================================================
Received Prepare
Registering precompiled user dll's ...
Registered in 0.001520 seconds.
Begin MonoManager ReloadAssembly
Native extension for LinuxStandalone target not found
Native extension for WindowsStandalone target not found
Refreshing native plugins compatible for Editor in 0.40 ms, found 0 plugins.
Preloading 0 native plugins for Editor in 0.00 ms.
Invoked RoslynAnalysisRunner static constructor.
RoslynAnalysisRunner will not be running.
RoslynAnalysisRunner has terminated.
Mono: successfully reloaded assembly
- Completed reload, in  0.869 seconds
Platform modules already initialized, skipping
Shader 'Universal Render Pipeline/Particles/Lit': fallback shader 'Universal Render Pipeline/Particles/SimpleLit' not found
Shader 'Universal Render Pipeline/Particles/Lit': fallback shader 'Universal Render Pipeline/Particles/SimpleLit' not found
Refreshing native plugins compatible for Editor in 0.42 ms, found 0 plugins.
Preloading 0 native plugins for Editor in 0.00 ms.
Unloading 2331 Unused Serialized files (Serialized files now loaded: 0)
System memory in use before: 109.7 MB.
System memory in use after: 107.7 MB.

Unloading 40 unused Assets to reduce memory usage. Loaded Objects now: 2817.
Total: 3.841400 ms (FindLiveObjects: 0.257300 ms CreateObjectMapping: 0.063600 ms MarkObjects: 2.125900 ms  DeleteObjects: 1.393200 ms)

========================================================================
Received Import Request.
  Time since last request: 29.352256 seconds.
  path: Assets/Scripts/ScriptableObjects
  artifactKey: Guid(582a4cc0add8b194ea7b864ef705731e) Importer(815301076,1909f56bfc062723c751e8b465ee728b)
Start importing Assets/Scripts/ScriptableObjects using Guid(582a4cc0add8b194ea7b864ef705731e) Importer(815301076,1909f56bfc062723c751e8b465ee728b)  -> (artifact id: 'fee42fef13f22a2665daa9c85519124f') in 0.010503 seconds
  Import took 0.014227 seconds .

========================================================================
Received Import Request.
  Time since last request: 6.064316 seconds.
  path: Assets/Scripts/WeightedStructureGroup.cs
  artifactKey: Guid(0a835f6d330ebe947a75b7485c2b2268) Importer(815301076,1909f56bfc062723c751e8b465ee728b)
Start importing Assets/Scripts/WeightedStructureGroup.cs using Guid(0a835f6d330ebe947a75b7485c2b2268) Importer(815301076,1909f56bfc062723c751e8b465ee728b)  -> (artifact id: '16ca0a8c59aac137758c44b428e0a77d') in 0.007694 seconds
  Import took 0.011338 seconds .

========================================================================
Received Prepare
Registering precompiled user dll's ...
Registered in 0.001541 seconds.
Begin MonoManager ReloadAssembly
Native extension for LinuxStandalone target not found
Native extension for WindowsStandalone target not found
Refreshing native plugins compatible for Editor in 0.41 ms, found 0 plugins.
Preloading 0 native plugins for Editor in 0.00 ms.
Invoked RoslynAnalysisRunner static constructor.
RoslynAnalysisRunner will not be running.
RoslynAnalysisRunner has terminated.
Mono: successfully reloaded assembly
- Completed reload, in  0.871 seconds
Platform modules already initialized, skipping
Shader 'Universal Render Pipeline/Particles/Lit': fallback shader 'Universal Render Pipeline/Particles/SimpleLit' not found
Shader 'Universal Render Pipeline/Particles/Lit': fallback shader 'Universal Render Pipeline/Particles/SimpleLit' not found
Refreshing native plugins compatible for Editor in 0.40 ms, found 0 plugins.
Preloading 0 native plugins for Editor in 0.00 ms.
Unloading 2331 Unused Serialized files (Serialized files now loaded: 0)
System memory in use before: 109.7 MB.
System memory in use after: 107.7 MB.

Unloading 40 unused Assets to reduce memory usage. Loaded Objects now: 2819.
Total: 3.976800 ms (FindLiveObjects: 0.281400 ms CreateObjectMapping: 0.060400 ms MarkObjects: 2.212900 ms  DeleteObjects: 1.421100 ms)

========================================================================
Received Import Request.
  Time since last request: 69.421727 seconds.
  path: Assets/Scripts/Game/Placement/StructurePlacement.cs
  artifactKey: Guid(e5a18a3a2bcc27245b0c81c4e399f7d7) Importer(815301076,1909f56bfc062723c751e8b465ee728b)
Start importing Assets/Scripts/Game/Placement/StructurePlacement.cs using Guid(e5a18a3a2bcc27245b0c81c4e399f7d7) Importer(815301076,1909f56bfc062723c751e8b465ee728b)  -> (artifact id: '0010a61b29044435217f9f62fe99a146') in 0.012253 seconds
  Import took 0.016087 seconds .

========================================================================
Received Import Request.
  Time since last request: 0.002130 seconds.
  path: Assets/Scripts/Game/Placement/StructurePlacement.cs
  artifactKey: Guid(e5a18a3a2bcc27245b0c81c4e399f7d7) Importer(815301076,1909f56bfc062723c751e8b465ee728b)
Start importing Assets/Scripts/Game/Placement/StructurePlacement.cs using Guid(e5a18a3a2bcc27245b0c81c4e399f7d7) Importer(815301076,1909f56bfc062723c751e8b465ee728b)  -> (artifact id: '0010a61b29044435217f9f62fe99a146') in 0.003268 seconds
  Import took 0.006829 seconds .

========================================================================
Received Import Request.
  Time since last request: 39.207753 seconds.
  path: Assets/Scripts/Game/Game.cs
  artifactKey: Guid(411b645ebecedb24cb69633f86e96c41) Importer(815301076,1909f56bfc062723c751e8b465ee728b)
Start importing Assets/Scripts/Game/Game.cs using Guid(411b645ebecedb24cb69633f86e96c41) Importer(815301076,1909f56bfc062723c751e8b465ee728b)  -> (artifact id: '4cfd5cb67c69f9b2267db4a5207be9c2') in 0.003487 seconds
  Import took 0.007273 seconds .

========================================================================
Received Import Request.
  Time since last request: 85.747749 seconds.
  path: Assets/Scripts/GameSpace
  artifactKey: Guid(279cec4a3a63eca41a61f9ada25be337) Importer(815301076,1909f56bfc062723c751e8b465ee728b)
Start importing Assets/Scripts/GameSpace using Guid(279cec4a3a63eca41a61f9ada25be337) Importer(815301076,1909f56bfc062723c751e8b465ee728b)  -> (artifact id: '95307387a91434ce176bae9bfd350c4d') in 0.007490 seconds
  Import took 0.011640 seconds .

========================================================================
Received Import Request.
  Time since last request: 19.848738 seconds.
  path: Assets/Scripts/GameSpace/Placement/HousePlacement.cs
  artifactKey: Guid(94609ebe15f752c4d8286ef801624a22) Importer(815301076,1909f56bfc062723c751e8b465ee728b)
Start importing Assets/Scripts/GameSpace/Placement/HousePlacement.cs using Guid(94609ebe15f752c4d8286ef801624a22) Importer(815301076,1909f56bfc062723c751e8b465ee728b)  -> (artifact id: '799f3c3032f1cdddd5f2a0aed49f4c84') in 0.003142 seconds
  Import took 0.006771 seconds .

========================================================================
Received Import Request.
  Time since last request: 33.934903 seconds.
  path: Assets/Scripts/GameSpace/Placement/StreetPlacement.cs
  artifactKey: Guid(6486688bc4ae2524ab1308c3fb8da7a7) Importer(815301076,1909f56bfc062723c751e8b465ee728b)
Start importing Assets/Scripts/GameSpace/Placement/StreetPlacement.cs using Guid(6486688bc4ae2524ab1308c3fb8da7a7) Importer(815301076,1909f56bfc062723c751e8b465ee728b)  -> (artifact id: 'bfd5eebe8a8d60557bec184b3612235c') in 0.003917 seconds
  Import took 0.007997 seconds .

========================================================================
Received Import Request.
  Time since last request: 14.318357 seconds.
  path: Assets/Scripts/GameSpace/Placement/StructurePlacement.cs
  artifactKey: Guid(e5a18a3a2bcc27245b0c81c4e399f7d7) Importer(815301076,1909f56bfc062723c751e8b465ee728b)
Start importing Assets/Scripts/GameSpace/Placement/StructurePlacement.cs using Guid(e5a18a3a2bcc27245b0c81c4e399f7d7) Importer(815301076,1909f56bfc062723c751e8b465ee728b)  -> (artifact id: '82ce9e39237171d0dd7a9be77827ca35') in 0.003522 seconds
  Import took 0.007228 seconds .

========================================================================
Received Import Request.
  Time since last request: 6.790158 seconds.
  path: Assets/Scripts/GameSpace/Placement/StructurePlacement.cs
  artifactKey: Guid(e5a18a3a2bcc27245b0c81c4e399f7d7) Importer(815301076,1909f56bfc062723c751e8b465ee728b)
Start importing Assets/Scripts/GameSpace/Placement/StructurePlacement.cs using Guid(e5a18a3a2bcc27245b0c81c4e399f7d7) Importer(815301076,1909f56bfc062723c751e8b465ee728b)  -> (artifact id: '54c1259612353fd60275dcc7c6210e48') in 0.003606 seconds
  Import took 0.019200 seconds .

========================================================================
Received Import Request.
  Time since last request: 12.848042 seconds.
  path: Assets/Scripts/GameSpace/Game.cs
  artifactKey: Guid(411b645ebecedb24cb69633f86e96c41) Importer(815301076,1909f56bfc062723c751e8b465ee728b)
Start importing Assets/Scripts/GameSpace/Game.cs using Guid(411b645ebecedb24cb69633f86e96c41) Importer(815301076,1909f56bfc062723c751e8b465ee728b)  -> (artifact id: '5e24e4410ca1f521a47874299527d8d4') in 0.003497 seconds
  Import took 0.007108 seconds .

========================================================================
Received Prepare
Registering precompiled user dll's ...
Registered in 0.001541 seconds.
Begin MonoManager ReloadAssembly
Native extension for LinuxStandalone target not found
Native extension for WindowsStandalone target not found
Refreshing native plugins compatible for Editor in 0.45 ms, found 0 plugins.
Preloading 0 native plugins for Editor in 0.00 ms.
Invoked RoslynAnalysisRunner static constructor.
RoslynAnalysisRunner will not be running.
RoslynAnalysisRunner has terminated.
Mono: successfully reloaded assembly
- Completed reload, in  0.903 seconds
Platform modules already initialized, skipping
Shader 'Universal Render Pipeline/Particles/Lit': fallback shader 'Universal Render Pipeline/Particles/SimpleLit' not found
Shader 'Universal Render Pipeline/Particles/Lit': fallback shader 'Universal Render Pipeline/Particles/SimpleLit' not found
Refreshing native plugins compatible for Editor in 0.43 ms, found 0 plugins.
Preloading 0 native plugins for Editor in 0.00 ms.
Unloading 2331 Unused Serialized files (Serialized files now loaded: 0)
System memory in use before: 109.5 MB.
System memory in use after: 107.6 MB.

Unloading 40 unused Assets to reduce memory usage. Loaded Objects now: 2821.
Total: 3.662400 ms (FindLiveObjects: 0.291100 ms CreateObjectMapping: 0.065700 ms MarkObjects: 1.895300 ms  DeleteObjects: 1.409000 ms)

========================================================================
Received Import Request.
  Time since last request: 25.122922 seconds.
  path: Assets/Scripts/GameSpace/Game.cs
  artifactKey: Guid(411b645ebecedb24cb69633f86e96c41) Importer(815301076,1909f56bfc062723c751e8b465ee728b)
Start importing Assets/Scripts/GameSpace/Game.cs using Guid(411b645ebecedb24cb69633f86e96c41) Importer(815301076,1909f56bfc062723c751e8b465ee728b)  -> (artifact id: 'c6ae783f5b21fbfd32f881f837e7bb78') in 0.010521 seconds
  Import took 0.014221 seconds .

========================================================================
Received Prepare
Registering precompiled user dll's ...
Registered in 0.001530 seconds.
Begin MonoManager ReloadAssembly
Native extension for LinuxStandalone target not found
Native extension for WindowsStandalone target not found
Refreshing native plugins compatible for Editor in 0.41 ms, found 0 plugins.
Preloading 0 native plugins for Editor in 0.00 ms.
Invoked RoslynAnalysisRunner static constructor.
RoslynAnalysisRunner will not be running.
RoslynAnalysisRunner has terminated.
Mono: successfully reloaded assembly
- Completed reload, in  0.902 seconds
Platform modules already initialized, skipping
Shader 'Universal Render Pipeline/Particles/Lit': fallback shader 'Universal Render Pipeline/Particles/SimpleLit' not found
Shader 'Universal Render Pipeline/Particles/Lit': fallback shader 'Universal Render Pipeline/Particles/SimpleLit' not found
Refreshing native plugins compatible for Editor in 0.45 ms, found 0 plugins.
Preloading 0 native plugins for Editor in 0.00 ms.
Unloading 2331 Unused Serialized files (Serialized files now loaded: 0)
System memory in use before: 109.7 MB.
System memory in use after: 107.7 MB.

Unloading 40 unused Assets to reduce memory usage. Loaded Objects now: 2823.
Total: 3.564600 ms (FindLiveObjects: 0.270000 ms CreateObjectMapping: 0.061300 ms MarkObjects: 1.801200 ms  DeleteObjects: 1.430900 ms)

========================================================================
Received Import Request.
  Time since last request: 41.129854 seconds.
  path: Assets/Scripts/Grid/Grid.cs
  artifactKey: Guid(cca2e93783403f44faf31cc998228cc6) Importer(815301076,1909f56bfc062723c751e8b465ee728b)
Start importing Assets/Scripts/Grid/Grid.cs using Guid(cca2e93783403f44faf31cc998228cc6) Importer(815301076,1909f56bfc062723c751e8b465ee728b)  -> (artifact id: 'fbcea779592cf8d29afc5b9c8c58ece3') in 0.006323 seconds
  Import took 0.010096 seconds .

========================================================================
Received Import Request.
  Time since last request: 0.000202 seconds.
  path: Assets/Scripts/Grid/GridExtension.cs
  artifactKey: Guid(a0780dcd2685ade4dbbadba236c52f4c) Importer(815301076,1909f56bfc062723c751e8b465ee728b)
Start importing Assets/Scripts/Grid/GridExtension.cs using Guid(a0780dcd2685ade4dbbadba236c52f4c) Importer(815301076,1909f56bfc062723c751e8b465ee728b)  -> (artifact id: 'b08cc125e490bd53ccc0848b26b86658') in 0.006622 seconds
  Import took 0.010119 seconds .

========================================================================
Received Import Request.
  Time since last request: 4.968229 seconds.
  path: Assets/Scripts/Grid/GridSearch.cs
  artifactKey: Guid(360ef63abe148b54fb4778b5e6cc4881) Importer(815301076,1909f56bfc062723c751e8b465ee728b)
Start importing Assets/Scripts/Grid/GridSearch.cs using Guid(360ef63abe148b54fb4778b5e6cc4881) Importer(815301076,1909f56bfc062723c751e8b465ee728b)  -> (artifact id: '63f1c925ab264ad0f6b3a570f11c717d') in 0.007591 seconds
  Import took 0.011350 seconds .

========================================================================
Received Import Request.
  Time since last request: 0.001613 seconds.
  path: Assets/Scripts/Grid/GridSearch.cs
  artifactKey: Guid(360ef63abe148b54fb4778b5e6cc4881) Importer(815301076,1909f56bfc062723c751e8b465ee728b)
Start importing Assets/Scripts/Grid/GridSearch.cs using Guid(360ef63abe148b54fb4778b5e6cc4881) Importer(815301076,1909f56bfc062723c751e8b465ee728b)  -> (artifact id: '63f1c925ab264ad0f6b3a570f11c717d') in 0.003325 seconds
  Import took 0.007225 seconds .

========================================================================
Received Prepare
Registering precompiled user dll's ...
Registered in 0.001549 seconds.
Begin MonoManager ReloadAssembly
Native extension for LinuxStandalone target not found
Native extension for WindowsStandalone target not found
Refreshing native plugins compatible for Editor in 0.41 ms, found 0 plugins.
Preloading 0 native plugins for Editor in 0.00 ms.
Invoked RoslynAnalysisRunner static constructor.
RoslynAnalysisRunner will not be running.
RoslynAnalysisRunner has terminated.
Mono: successfully reloaded assembly
- Completed reload, in  0.869 seconds
Platform modules already initialized, skipping
Shader 'Universal Render Pipeline/Particles/Lit': fallback shader 'Universal Render Pipeline/Particles/SimpleLit' not found
Shader 'Universal Render Pipeline/Particles/Lit': fallback shader 'Universal Render Pipeline/Particles/SimpleLit' not found
Refreshing native plugins compatible for Editor in 0.41 ms, found 0 plugins.
Preloading 0 native plugins for Editor in 0.00 ms.
Unloading 2331 Unused Serialized files (Serialized files now loaded: 0)
System memory in use before: 109.8 MB.
System memory in use after: 107.7 MB.

Unloading 40 unused Assets to reduce memory usage. Loaded Objects now: 2825.
Total: 3.491200 ms (FindLiveObjects: 0.275800 ms CreateObjectMapping: 0.061900 ms MarkObjects: 1.761800 ms  DeleteObjects: 1.390800 ms)

========================================================================
Received Import Request.
  Time since last request: 24.936763 seconds.
  path: Assets/Scripts/Grid/GridSearch.cs
  artifactKey: Guid(360ef63abe148b54fb4778b5e6cc4881) Importer(815301076,1909f56bfc062723c751e8b465ee728b)
Start importing Assets/Scripts/Grid/GridSearch.cs using Guid(360ef63abe148b54fb4778b5e6cc4881) Importer(815301076,1909f56bfc062723c751e8b465ee728b)  -> (artifact id: 'da68b617df83a5189e73591a59c07e37') in 0.006565 seconds
  Import took 0.010275 seconds .

========================================================================
Received Prepare
Registering precompiled user dll's ...
Registered in 0.001769 seconds.
Begin MonoManager ReloadAssembly
Native extension for LinuxStandalone target not found
Native extension for WindowsStandalone target not found
Refreshing native plugins compatible for Editor in 0.41 ms, found 0 plugins.
Preloading 0 native plugins for Editor in 0.00 ms.
Invoked RoslynAnalysisRunner static constructor.
RoslynAnalysisRunner will not be running.
RoslynAnalysisRunner has terminated.
Mono: successfully reloaded assembly
- Completed reload, in  0.892 seconds
Platform modules already initialized, skipping
Shader 'Universal Render Pipeline/Particles/Lit': fallback shader 'Universal Render Pipeline/Particles/SimpleLit' not found
Shader 'Universal Render Pipeline/Particles/Lit': fallback shader 'Universal Render Pipeline/Particles/SimpleLit' not found
Refreshing native plugins compatible for Editor in 0.40 ms, found 0 plugins.
Preloading 0 native plugins for Editor in 0.00 ms.
Unloading 2331 Unused Serialized files (Serialized files now loaded: 0)
System memory in use before: 109.6 MB.
System memory in use after: 107.7 MB.

Unloading 40 unused Assets to reduce memory usage. Loaded Objects now: 2827.
Total: 3.675200 ms (FindLiveObjects: 0.271700 ms CreateObjectMapping: 0.064800 ms MarkObjects: 1.938000 ms  DeleteObjects: 1.399700 ms)

========================================================================
Received Import Request.
  Time since last request: 18.342028 seconds.
  path: Assets/Scripts/ScriptableObjects/TemporaryStructureGroup.cs
  artifactKey: Guid(168f8dfdb9f832c4ba2dcb43f998e403) Importer(815301076,1909f56bfc062723c751e8b465ee728b)
Start importing Assets/Scripts/ScriptableObjects/TemporaryStructureGroup.cs using Guid(168f8dfdb9f832c4ba2dcb43f998e403) Importer(815301076,1909f56bfc062723c751e8b465ee728b)  -> (artifact id: '599d38453e2760f797849c48258a18f1') in 0.013325 seconds
  Import took 0.017151 seconds .

========================================================================
Received Prepare
Registering precompiled user dll's ...
Registered in 0.001492 seconds.
Begin MonoManager ReloadAssembly
Native extension for LinuxStandalone target not found
Native extension for WindowsStandalone target not found
Refreshing native plugins compatible for Editor in 0.46 ms, found 0 plugins.
Preloading 0 native plugins for Editor in 0.00 ms.
Invoked RoslynAnalysisRunner static constructor.
RoslynAnalysisRunner will not be running.
RoslynAnalysisRunner has terminated.
Mono: successfully reloaded assembly
- Completed reload, in  0.861 seconds
Platform modules already initialized, skipping
Shader 'Universal Render Pipeline/Particles/Lit': fallback shader 'Universal Render Pipeline/Particles/SimpleLit' not found
Shader 'Universal Render Pipeline/Particles/Lit': fallback shader 'Universal Render Pipeline/Particles/SimpleLit' not found
Refreshing native plugins compatible for Editor in 0.41 ms, found 0 plugins.
Preloading 0 native plugins for Editor in 0.00 ms.
Unloading 2331 Unused Serialized files (Serialized files now loaded: 0)
System memory in use before: 109.8 MB.
System memory in use after: 107.8 MB.

Unloading 40 unused Assets to reduce memory usage. Loaded Objects now: 2829.
Total: 3.737100 ms (FindLiveObjects: 0.280300 ms CreateObjectMapping: 0.069700 ms MarkObjects: 1.928900 ms  DeleteObjects: 1.456900 ms)

========================================================================
Received Import Request.
  Time since last request: 15.189530 seconds.
  path: Assets/Scripts/ScriptableObjects/WeightedStructureGroup.cs
  artifactKey: Guid(0a835f6d330ebe947a75b7485c2b2268) Importer(815301076,1909f56bfc062723c751e8b465ee728b)
Start importing Assets/Scripts/ScriptableObjects/WeightedStructureGroup.cs using Guid(0a835f6d330ebe947a75b7485c2b2268) Importer(815301076,1909f56bfc062723c751e8b465ee728b)  -> (artifact id: 'a7771be962086305b90dd9db8be93b66') in 0.011012 seconds
  Import took 0.014775 seconds .

========================================================================
Received Import Request.
  Time since last request: 6.000936 seconds.
  path: Assets/Scripts/GameSpace/Placement/HousePlacement.cs
  artifactKey: Guid(94609ebe15f752c4d8286ef801624a22) Importer(815301076,1909f56bfc062723c751e8b465ee728b)
Start importing Assets/Scripts/GameSpace/Placement/HousePlacement.cs using Guid(94609ebe15f752c4d8286ef801624a22) Importer(815301076,1909f56bfc062723c751e8b465ee728b)  -> (artifact id: '15195e6b5506987343f9274f21f1a172') in 0.003309 seconds
  Import took 0.007129 seconds .

========================================================================
Received Import Request.
  Time since last request: 155.749875 seconds.
  path: Assets/Scripts/GameSpace/Placement/StreetPlacement.cs
  artifactKey: Guid(6486688bc4ae2524ab1308c3fb8da7a7) Importer(815301076,1909f56bfc062723c751e8b465ee728b)
Start importing Assets/Scripts/GameSpace/Placement/StreetPlacement.cs using Guid(6486688bc4ae2524ab1308c3fb8da7a7) Importer(815301076,1909f56bfc062723c751e8b465ee728b)  -> (artifact id: 'd1d6a4b50f73cc4a1995dd103d29956e') in 0.003153 seconds
  Import took 0.006695 seconds .

========================================================================
Received Import Request.
  Time since last request: 0.023231 seconds.
  path: Assets/Scripts/GameSpace/Placement/StreetPlacement.cs
  artifactKey: Guid(6486688bc4ae2524ab1308c3fb8da7a7) Importer(815301076,1909f56bfc062723c751e8b465ee728b)
Start importing Assets/Scripts/GameSpace/Placement/StreetPlacement.cs using Guid(6486688bc4ae2524ab1308c3fb8da7a7) Importer(815301076,1909f56bfc062723c751e8b465ee728b)  -> (artifact id: 'd1d6a4b50f73cc4a1995dd103d29956e') in 0.003450 seconds
  Import took 0.007205 seconds .

========================================================================
Received Import Request.
  Time since last request: 12.491975 seconds.
  path: Assets/Scripts/GameSpace/Placement/StructurePlacement.cs
  artifactKey: Guid(e5a18a3a2bcc27245b0c81c4e399f7d7) Importer(815301076,1909f56bfc062723c751e8b465ee728b)
Start importing Assets/Scripts/GameSpace/Placement/StructurePlacement.cs using Guid(e5a18a3a2bcc27245b0c81c4e399f7d7) Importer(815301076,1909f56bfc062723c751e8b465ee728b)  -> (artifact id: '57907a126e7ed29fdfd80b64f5baf39a') in 0.003468 seconds
  Import took 0.007120 seconds .

========================================================================
Received Prepare
Registering precompiled user dll's ...
Registered in 0.001511 seconds.
Begin MonoManager ReloadAssembly
Native extension for LinuxStandalone target not found
Native extension for WindowsStandalone target not found
Refreshing native plugins compatible for Editor in 0.40 ms, found 0 plugins.
Preloading 0 native plugins for Editor in 0.00 ms.
Invoked RoslynAnalysisRunner static constructor.
RoslynAnalysisRunner will not be running.
RoslynAnalysisRunner has terminated.
Mono: successfully reloaded assembly
- Completed reload, in  0.867 seconds
Platform modules already initialized, skipping
Shader 'Universal Render Pipeline/Particles/Lit': fallback shader 'Universal Render Pipeline/Particles/SimpleLit' not found
Shader 'Universal Render Pipeline/Particles/Lit': fallback shader 'Universal Render Pipeline/Particles/SimpleLit' not found
Refreshing native plugins compatible for Editor in 0.41 ms, found 0 plugins.
Preloading 0 native plugins for Editor in 0.00 ms.
Unloading 2331 Unused Serialized files (Serialized files now loaded: 0)
System memory in use before: 109.7 MB.
System memory in use after: 107.7 MB.

Unloading 40 unused Assets to reduce memory usage. Loaded Objects now: 2831.
Total: 3.598600 ms (FindLiveObjects: 0.277800 ms CreateObjectMapping: 0.065100 ms MarkObjects: 1.857500 ms  DeleteObjects: 1.397300 ms)

========================================================================
Received Import Request.
  Time since last request: 1387.718845 seconds.
  path: Assets/Scripts/GameSpace/Placement/StructurePlacement.cs
  artifactKey: Guid(e5a18a3a2bcc27245b0c81c4e399f7d7) Importer(815301076,1909f56bfc062723c751e8b465ee728b)
Start importing Assets/Scripts/GameSpace/Placement/StructurePlacement.cs using Guid(e5a18a3a2bcc27245b0c81c4e399f7d7) Importer(815301076,1909f56bfc062723c751e8b465ee728b)  -> (artifact id: '265724e1de081ed64987a3c4a5fbecd2') in 0.006242 seconds
  Import took 0.009831 seconds .

========================================================================
Received Prepare
Registering precompiled user dll's ...
Registered in 0.001540 seconds.
Begin MonoManager ReloadAssembly
Native extension for LinuxStandalone target not found
Native extension for WindowsStandalone target not found
Refreshing native plugins compatible for Editor in 0.42 ms, found 0 plugins.
Preloading 0 native plugins for Editor in 0.00 ms.
Invoked RoslynAnalysisRunner static constructor.
RoslynAnalysisRunner will not be running.
RoslynAnalysisRunner has terminated.
Mono: successfully reloaded assembly
- Completed reload, in  0.866 seconds
Platform modules already initialized, skipping
Shader 'Universal Render Pipeline/Particles/Lit': fallback shader 'Universal Render Pipeline/Particles/SimpleLit' not found
Shader 'Universal Render Pipeline/Particles/Lit': fallback shader 'Universal Render Pipeline/Particles/SimpleLit' not found
Refreshing native plugins compatible for Editor in 0.43 ms, found 0 plugins.
Preloading 0 native plugins for Editor in 0.00 ms.
Unloading 2331 Unused Serialized files (Serialized files now loaded: 0)
System memory in use before: 109.6 MB.
System memory in use after: 107.6 MB.

Unloading 40 unused Assets to reduce memory usage. Loaded Objects now: 2833.
Total: 3.726400 ms (FindLiveObjects: 0.309600 ms CreateObjectMapping: 0.067000 ms MarkObjects: 1.912800 ms  DeleteObjects: 1.436300 ms)

========================================================================
Received Import Request.
  Time since last request: 24.814548 seconds.
  path: Assets/Scripts/GameSpace/Placement/StructurePlacement.cs
  artifactKey: Guid(e5a18a3a2bcc27245b0c81c4e399f7d7) Importer(815301076,1909f56bfc062723c751e8b465ee728b)
Start importing Assets/Scripts/GameSpace/Placement/StructurePlacement.cs using Guid(e5a18a3a2bcc27245b0c81c4e399f7d7) Importer(815301076,1909f56bfc062723c751e8b465ee728b)  -> (artifact id: '9a016e500ea4293a8566cc6112abb38c') in 0.006594 seconds
  Import took 0.010377 seconds .

========================================================================
Received Import Request.
  Time since last request: 2.007443 seconds.
  path: Assets/Scripts/GameSpace/Placement/StructurePlacement.cs
  artifactKey: Guid(e5a18a3a2bcc27245b0c81c4e399f7d7) Importer(815301076,1909f56bfc062723c751e8b465ee728b)
Start importing Assets/Scripts/GameSpace/Placement/StructurePlacement.cs using Guid(e5a18a3a2bcc27245b0c81c4e399f7d7) Importer(815301076,1909f56bfc062723c751e8b465ee728b)  -> (artifact id: '9a016e500ea4293a8566cc6112abb38c') in 0.003073 seconds
  Import took 0.006641 seconds .

========================================================================
Received Prepare
Registering precompiled user dll's ...
Registered in 0.001508 seconds.
Begin MonoManager ReloadAssembly
Native extension for LinuxStandalone target not found
Native extension for WindowsStandalone target not found
Refreshing native plugins compatible for Editor in 0.46 ms, found 0 plugins.
Preloading 0 native plugins for Editor in 0.00 ms.
Invoked RoslynAnalysisRunner static constructor.
RoslynAnalysisRunner will not be running.
RoslynAnalysisRunner has terminated.
Mono: successfully reloaded assembly
- Completed reload, in  0.862 seconds
Platform modules already initialized, skipping
Shader 'Universal Render Pipeline/Particles/Lit': fallback shader 'Universal Render Pipeline/Particles/SimpleLit' not found
Shader 'Universal Render Pipeline/Particles/Lit': fallback shader 'Universal Render Pipeline/Particles/SimpleLit' not found
Refreshing native plugins compatible for Editor in 0.42 ms, found 0 plugins.
Preloading 0 native plugins for Editor in 0.00 ms.
Unloading 2331 Unused Serialized files (Serialized files now loaded: 0)
System memory in use before: 109.8 MB.
System memory in use after: 107.8 MB.

Unloading 40 unused Assets to reduce memory usage. Loaded Objects now: 2835.
Total: 3.530200 ms (FindLiveObjects: 0.279800 ms CreateObjectMapping: 0.063600 ms MarkObjects: 1.758700 ms  DeleteObjects: 1.427100 ms)

========================================================================
Received Prepare
Registering precompiled user dll's ...
Registered in 0.001550 seconds.
Begin MonoManager ReloadAssembly
Native extension for LinuxStandalone target not found
Native extension for WindowsStandalone target not found
Refreshing native plugins compatible for Editor in 0.40 ms, found 0 plugins.
Preloading 0 native plugins for Editor in 0.00 ms.
Invoked RoslynAnalysisRunner static constructor.
RoslynAnalysisRunner will not be running.
RoslynAnalysisRunner has terminated.
Mono: successfully reloaded assembly
- Completed reload, in  0.873 seconds
Platform modules already initialized, skipping
Shader 'Universal Render Pipeline/Particles/Lit': fallback shader 'Universal Render Pipeline/Particles/SimpleLit' not found
Shader 'Universal Render Pipeline/Particles/Lit': fallback shader 'Universal Render Pipeline/Particles/SimpleLit' not found
Refreshing native plugins compatible for Editor in 0.42 ms, found 0 plugins.
Preloading 0 native plugins for Editor in 0.00 ms.
Unloading 2331 Unused Serialized files (Serialized files now loaded: 0)
System memory in use before: 109.7 MB.
System memory in use after: 107.8 MB.

Unloading 40 unused Assets to reduce memory usage. Loaded Objects now: 2837.
Total: 3.464100 ms (FindLiveObjects: 0.272400 ms CreateObjectMapping: 0.061400 ms MarkObjects: 1.742300 ms  DeleteObjects: 1.387300 ms)

========================================================================
Received Import Request.
  Time since last request: 152.535776 seconds.
  path: Assets/Scripts/GameSpace/Placement/StructurePlacement.cs
  artifactKey: Guid(e5a18a3a2bcc27245b0c81c4e399f7d7) Importer(815301076,1909f56bfc062723c751e8b465ee728b)
Start importing Assets/Scripts/GameSpace/Placement/StructurePlacement.cs using Guid(e5a18a3a2bcc27245b0c81c4e399f7d7) Importer(815301076,1909f56bfc062723c751e8b465ee728b)  -> (artifact id: '844f8e79b74784d4febd5b3eb0b633e3') in 0.006351 seconds
  Import took 0.009946 seconds .

========================================================================
Received Prepare
Registering precompiled user dll's ...
Registered in 0.001784 seconds.
Begin MonoManager ReloadAssembly
Native extension for LinuxStandalone target not found
Native extension for WindowsStandalone target not found
Refreshing native plugins compatible for Editor in 0.40 ms, found 0 plugins.
Preloading 0 native plugins for Editor in 0.00 ms.
Invoked RoslynAnalysisRunner static constructor.
RoslynAnalysisRunner will not be running.
RoslynAnalysisRunner has terminated.
Mono: successfully reloaded assembly
- Completed reload, in  0.864 seconds
Platform modules already initialized, skipping
Shader 'Universal Render Pipeline/Particles/Lit': fallback shader 'Universal Render Pipeline/Particles/SimpleLit' not found
Shader 'Universal Render Pipeline/Particles/Lit': fallback shader 'Universal Render Pipeline/Particles/SimpleLit' not found
Refreshing native plugins compatible for Editor in 0.41 ms, found 0 plugins.
Preloading 0 native plugins for Editor in 0.00 ms.
Unloading 2331 Unused Serialized files (Serialized files now loaded: 0)
System memory in use before: 109.6 MB.
System memory in use after: 107.6 MB.

Unloading 40 unused Assets to reduce memory usage. Loaded Objects now: 2839.
Total: 3.452900 ms (FindLiveObjects: 0.271200 ms CreateObjectMapping: 0.060300 ms MarkObjects: 1.744800 ms  DeleteObjects: 1.375700 ms)

========================================================================
Received Import Request.
  Time since last request: 516.903272 seconds.
  path: Assets/Scripts/GameSpace/Placement/StructurePlacement.cs
  artifactKey: Guid(e5a18a3a2bcc27245b0c81c4e399f7d7) Importer(815301076,1909f56bfc062723c751e8b465ee728b)
Start importing Assets/Scripts/GameSpace/Placement/StructurePlacement.cs using Guid(e5a18a3a2bcc27245b0c81c4e399f7d7) Importer(815301076,1909f56bfc062723c751e8b465ee728b)  -> (artifact id: 'f9ad6234eaea96ee0eee8fb6c6eea9c0') in 0.006305 seconds
  Import took 0.009926 seconds .

========================================================================
Received Prepare
Registering precompiled user dll's ...
Registered in 0.001532 seconds.
Begin MonoManager ReloadAssembly
Native extension for LinuxStandalone target not found
Native extension for WindowsStandalone target not found
Refreshing native plugins compatible for Editor in 0.40 ms, found 0 plugins.
Preloading 0 native plugins for Editor in 0.00 ms.
Invoked RoslynAnalysisRunner static constructor.
RoslynAnalysisRunner will not be running.
RoslynAnalysisRunner has terminated.
Mono: successfully reloaded assembly
- Completed reload, in  0.856 seconds
Platform modules already initialized, skipping
Shader 'Universal Render Pipeline/Particles/Lit': fallback shader 'Universal Render Pipeline/Particles/SimpleLit' not found
Shader 'Universal Render Pipeline/Particles/Lit': fallback shader 'Universal Render Pipeline/Particles/SimpleLit' not found
Refreshing native plugins compatible for Editor in 0.42 ms, found 0 plugins.
Preloading 0 native plugins for Editor in 0.00 ms.
Unloading 2331 Unused Serialized files (Serialized files now loaded: 0)
System memory in use before: 109.7 MB.
System memory in use after: 107.7 MB.

Unloading 40 unused Assets to reduce memory usage. Loaded Objects now: 2841.
Total: 3.726300 ms (FindLiveObjects: 0.288300 ms CreateObjectMapping: 0.065100 ms MarkObjects: 1.961200 ms  DeleteObjects: 1.410700 ms)

========================================================================
Received Import Request.
  Time since last request: 205.210512 seconds.
  path: Assets/Scripts/GameSpace/Placement/StructurePlacement.cs
  artifactKey: Guid(e5a18a3a2bcc27245b0c81c4e399f7d7) Importer(815301076,1909f56bfc062723c751e8b465ee728b)
Start importing Assets/Scripts/GameSpace/Placement/StructurePlacement.cs using Guid(e5a18a3a2bcc27245b0c81c4e399f7d7) Importer(815301076,1909f56bfc062723c751e8b465ee728b)  -> (artifact id: 'f2c5e4b89c95547f87cb499d894cdf98') in 0.006432 seconds
  Import took 0.023470 seconds .

========================================================================
Received Import Request.
  Time since last request: 1.766288 seconds.
  path: Assets/Scripts/GameSpace/Placement/StructurePlacement.cs
  artifactKey: Guid(e5a18a3a2bcc27245b0c81c4e399f7d7) Importer(815301076,1909f56bfc062723c751e8b465ee728b)
Start importing Assets/Scripts/GameSpace/Placement/StructurePlacement.cs using Guid(e5a18a3a2bcc27245b0c81c4e399f7d7) Importer(815301076,1909f56bfc062723c751e8b465ee728b)  -> (artifact id: 'f2c5e4b89c95547f87cb499d894cdf98') in 0.003070 seconds
  Import took 0.006670 seconds .

========================================================================
Received Prepare
Registering precompiled user dll's ...
Registered in 0.001543 seconds.
Begin MonoManager ReloadAssembly
Native extension for LinuxStandalone target not found
Native extension for WindowsStandalone target not found
Refreshing native plugins compatible for Editor in 0.40 ms, found 0 plugins.
Preloading 0 native plugins for Editor in 0.00 ms.
Invoked RoslynAnalysisRunner static constructor.
RoslynAnalysisRunner will not be running.
RoslynAnalysisRunner has terminated.
Mono: successfully reloaded assembly
- Completed reload, in  0.857 seconds
Platform modules already initialized, skipping
Shader 'Universal Render Pipeline/Particles/Lit': fallback shader 'Universal Render Pipeline/Particles/SimpleLit' not found
Shader 'Universal Render Pipeline/Particles/Lit': fallback shader 'Universal Render Pipeline/Particles/SimpleLit' not found
Refreshing native plugins compatible for Editor in 0.43 ms, found 0 plugins.
Preloading 0 native plugins for Editor in 0.00 ms.
Unloading 2331 Unused Serialized files (Serialized files now loaded: 0)
System memory in use before: 109.8 MB.
System memory in use after: 107.8 MB.

Unloading 40 unused Assets to reduce memory usage. Loaded Objects now: 2843.
Total: 3.459800 ms (FindLiveObjects: 0.280200 ms CreateObjectMapping: 0.063600 ms MarkObjects: 1.730400 ms  DeleteObjects: 1.384800 ms)

========================================================================
Received Import Request.
  Time since last request: 181.691156 seconds.
  path: Assets/Scripts/StructureSelector.cs
  artifactKey: Guid(72ce357afe210744b9b4d77ff54c2fa3) Importer(815301076,1909f56bfc062723c751e8b465ee728b)
Start importing Assets/Scripts/StructureSelector.cs using Guid(72ce357afe210744b9b4d77ff54c2fa3) Importer(815301076,1909f56bfc062723c751e8b465ee728b)  -> (artifact id: '6cde16dad93fd1511a0afd1b3878a453') in 0.010766 seconds
  Import took 0.014950 seconds .

========================================================================
Received Import Request.
  Time since last request: 0.001036 seconds.
  path: Assets/Scripts/StructureSelector.cs
  artifactKey: Guid(72ce357afe210744b9b4d77ff54c2fa3) Importer(815301076,1909f56bfc062723c751e8b465ee728b)
Start importing Assets/Scripts/StructureSelector.cs using Guid(72ce357afe210744b9b4d77ff54c2fa3) Importer(815301076,1909f56bfc062723c751e8b465ee728b)  -> (artifact id: '6cde16dad93fd1511a0afd1b3878a453') in 0.003003 seconds
  Import took 0.007097 seconds .

========================================================================
Received Import Request.
  Time since last request: 2896.440799 seconds.
  path: Assets/Scripts/StructureSelector.cs
  artifactKey: Guid(72ce357afe210744b9b4d77ff54c2fa3) Importer(815301076,1909f56bfc062723c751e8b465ee728b)
Start importing Assets/Scripts/StructureSelector.cs using Guid(72ce357afe210744b9b4d77ff54c2fa3) Importer(815301076,1909f56bfc062723c751e8b465ee728b)  -> (artifact id: '82006a9ca45bc0766264437f2bd88dff') in 0.004482 seconds
  Import took 0.008907 seconds .

========================================================================
Received Import Request.
  Time since last request: 394.318881 seconds.
  path: Assets/Scripts/StructureSelector.cs
  artifactKey: Guid(72ce357afe210744b9b4d77ff54c2fa3) Importer(815301076,1909f56bfc062723c751e8b465ee728b)
Start importing Assets/Scripts/StructureSelector.cs using Guid(72ce357afe210744b9b4d77ff54c2fa3) Importer(815301076,1909f56bfc062723c751e8b465ee728b)  -> (artifact id: '99d11d760e066546c580817f1a08b315') in 0.003009 seconds
  Import took 0.006802 seconds .

========================================================================
Received Import Request.
  Time since last request: 3.752241 seconds.
  path: Assets/Resources/Streets.asset
  artifactKey: Guid(b2733aa9630fe3a4ab72aab36fa60afd) Importer(815301076,1909f56bfc062723c751e8b465ee728b)
Start importing Assets/Resources/Streets.asset using Guid(b2733aa9630fe3a4ab72aab36fa60afd) Importer(815301076,1909f56bfc062723c751e8b465ee728b)  -> (artifact id: 'd35de39f8be3833a7ec8ccfa18fa5284') in 0.024529 seconds
  Import took 0.028410 seconds .

========================================================================
Received Import Request.
  Time since last request: 1120.458600 seconds.
  path: Assets/Resources/Houses.asset
  artifactKey: Guid(ef18f4e86773f1243a5a9f67c949824d) Importer(815301076,1909f56bfc062723c751e8b465ee728b)
Start importing Assets/Resources/Houses.asset using Guid(ef18f4e86773f1243a5a9f67c949824d) Importer(815301076,1909f56bfc062723c751e8b465ee728b)  -> (artifact id: 'b45c8740d30aa731211d8b4da29ab77c') in 0.020110 seconds
  Import took 0.024205 seconds .

========================================================================
Received Prepare
Registering precompiled user dll's ...
Registered in 0.001659 seconds.
Begin MonoManager ReloadAssembly
Native extension for LinuxStandalone target not found
Native extension for WindowsStandalone target not found
Refreshing native plugins compatible for Editor in 0.41 ms, found 0 plugins.
Preloading 0 native plugins for Editor in 0.00 ms.
Invoked RoslynAnalysisRunner static constructor.
RoslynAnalysisRunner will not be running.
RoslynAnalysisRunner has terminated.
Mono: successfully reloaded assembly
- Completed reload, in  0.868 seconds
Platform modules already initialized, skipping
Shader 'Universal Render Pipeline/Particles/Lit': fallback shader 'Universal Render Pipeline/Particles/SimpleLit' not found
Shader 'Universal Render Pipeline/Particles/Lit': fallback shader 'Universal Render Pipeline/Particles/SimpleLit' not found
Refreshing native plugins compatible for Editor in 0.41 ms, found 0 plugins.
Preloading 0 native plugins for Editor in 0.00 ms.
Unloading 2331 Unused Serialized files (Serialized files now loaded: 0)
System memory in use before: 109.6 MB.
System memory in use after: 107.6 MB.

Unloading 40 unused Assets to reduce memory usage. Loaded Objects now: 2846.
Total: 3.497800 ms (FindLiveObjects: 0.269800 ms CreateObjectMapping: 0.063400 ms MarkObjects: 1.756100 ms  DeleteObjects: 1.407500 ms)

========================================================================
Received Import Request.
  Time since last request: 2807.629332 seconds.
  path: Assets/Scripts/GameSpace/Game.cs
  artifactKey: Guid(411b645ebecedb24cb69633f86e96c41) Importer(815301076,1909f56bfc062723c751e8b465ee728b)
Start importing Assets/Scripts/GameSpace/Game.cs using Guid(411b645ebecedb24cb69633f86e96c41) Importer(815301076,1909f56bfc062723c751e8b465ee728b)  -> (artifact id: '915fb31baa3ec5203592e54a47ee0a92') in 0.009949 seconds
  Import took 0.013779 seconds .

========================================================================
Received Import Request.
  Time since last request: 0.019843 seconds.
  path: Assets/Scripts/GameSpace/Game.cs
  artifactKey: Guid(411b645ebecedb24cb69633f86e96c41) Importer(815301076,1909f56bfc062723c751e8b465ee728b)
Start importing Assets/Scripts/GameSpace/Game.cs using Guid(411b645ebecedb24cb69633f86e96c41) Importer(815301076,1909f56bfc062723c751e8b465ee728b)  -> (artifact id: '915fb31baa3ec5203592e54a47ee0a92') in 0.003243 seconds
  Import took 0.006933 seconds .

========================================================================
Received Import Request.
  Time since last request: 207.804992 seconds.
  path: Assets/Scripts/GameSpace/Game.cs
  artifactKey: Guid(411b645ebecedb24cb69633f86e96c41) Importer(815301076,1909f56bfc062723c751e8b465ee728b)
Start importing Assets/Scripts/GameSpace/Game.cs using Guid(411b645ebecedb24cb69633f86e96c41) Importer(815301076,1909f56bfc062723c751e8b465ee728b)  -> (artifact id: '5bc03e53d84f4be2d5ceb3c756fa4373') in 0.003552 seconds
  Import took 0.007224 seconds .

========================================================================
Received Prepare
Registering precompiled user dll's ...
Registered in 0.001496 seconds.
Begin MonoManager ReloadAssembly
Native extension for LinuxStandalone target not found
Native extension for WindowsStandalone target not found
Refreshing native plugins compatible for Editor in 0.40 ms, found 0 plugins.
Preloading 0 native plugins for Editor in 0.00 ms.
Invoked RoslynAnalysisRunner static constructor.
RoslynAnalysisRunner will not be running.
RoslynAnalysisRunner has terminated.
Mono: successfully reloaded assembly
- Completed reload, in  0.857 seconds
Platform modules already initialized, skipping
Shader 'Universal Render Pipeline/Particles/Lit': fallback shader 'Universal Render Pipeline/Particles/SimpleLit' not found
Shader 'Universal Render Pipeline/Particles/Lit': fallback shader 'Universal Render Pipeline/Particles/SimpleLit' not found
Refreshing native plugins compatible for Editor in 0.42 ms, found 0 plugins.
Preloading 0 native plugins for Editor in 0.00 ms.
Unloading 2331 Unused Serialized files (Serialized files now loaded: 0)
System memory in use before: 109.8 MB.
System memory in use after: 107.8 MB.

Unloading 40 unused Assets to reduce memory usage. Loaded Objects now: 2848.
Total: 3.499700 ms (FindLiveObjects: 0.293000 ms CreateObjectMapping: 0.063600 ms MarkObjects: 1.758600 ms  DeleteObjects: 1.383500 ms)

========================================================================
Received Import Request.
  Time since last request: 146.669668 seconds.
  path: Assets/Prefabs/Road/Street_Straight.prefab
  artifactKey: Guid(0cf01c743836d154eb47042e1bc62afd) Importer(815301076,1909f56bfc062723c751e8b465ee728b)
Start importing Assets/Prefabs/Road/Street_Straight.prefab using Guid(0cf01c743836d154eb47042e1bc62afd) Importer(815301076,1909f56bfc062723c751e8b465ee728b)  -> (artifact id: 'de9179a303fac3248e118ac28dc12564') in 0.243421 seconds
  Import took 0.247471 seconds .

========================================================================
Received Prepare
Registering precompiled user dll's ...
Registered in 0.001687 seconds.
Begin MonoManager ReloadAssembly
Native extension for LinuxStandalone target not found
Native extension for WindowsStandalone target not found
Refreshing native plugins compatible for Editor in 0.42 ms, found 0 plugins.
Preloading 0 native plugins for Editor in 0.00 ms.
Invoked RoslynAnalysisRunner static constructor.
RoslynAnalysisRunner will not be running.
RoslynAnalysisRunner has terminated.
Mono: successfully reloaded assembly
- Completed reload, in  0.913 seconds
Platform modules already initialized, skipping
Shader 'Universal Render Pipeline/Particles/Lit': fallback shader 'Universal Render Pipeline/Particles/SimpleLit' not found
Shader 'Universal Render Pipeline/Particles/Lit': fallback shader 'Universal Render Pipeline/Particles/SimpleLit' not found
Refreshing native plugins compatible for Editor in 0.42 ms, found 0 plugins.
Preloading 0 native plugins for Editor in 0.00 ms.
Unloading 2331 Unused Serialized files (Serialized files now loaded: 0)
System memory in use before: 115.1 MB.
System memory in use after: 113.1 MB.

Unloading 40 unused Assets to reduce memory usage. Loaded Objects now: 2895.
Total: 3.589400 ms (FindLiveObjects: 0.292600 ms CreateObjectMapping: 0.063400 ms MarkObjects: 1.990100 ms  DeleteObjects: 1.242000 ms)

========================================================================
Received Prepare
Registering precompiled user dll's ...
Registered in 0.001621 seconds.
Begin MonoManager ReloadAssembly
Native extension for LinuxStandalone target not found
Native extension for WindowsStandalone target not found
Refreshing native plugins compatible for Editor in 0.40 ms, found 0 plugins.
Preloading 0 native plugins for Editor in 0.00 ms.
Invoked RoslynAnalysisRunner static constructor.
RoslynAnalysisRunner will not be running.
RoslynAnalysisRunner has terminated.
Mono: successfully reloaded assembly
- Completed reload, in  0.900 seconds
Platform modules already initialized, skipping
Shader 'Universal Render Pipeline/Particles/Lit': fallback shader 'Universal Render Pipeline/Particles/SimpleLit' not found
Shader 'Universal Render Pipeline/Particles/Lit': fallback shader 'Universal Render Pipeline/Particles/SimpleLit' not found
Refreshing native plugins compatible for Editor in 0.42 ms, found 0 plugins.
Preloading 0 native plugins for Editor in 0.00 ms.
Unloading 2331 Unused Serialized files (Serialized files now loaded: 0)
System memory in use before: 114.8 MB.
System memory in use after: 112.8 MB.

Unloading 40 unused Assets to reduce memory usage. Loaded Objects now: 2897.
Total: 4.452700 ms (FindLiveObjects: 0.307800 ms CreateObjectMapping: 0.112000 ms MarkObjects: 2.370200 ms  DeleteObjects: 1.661300 ms)

========================================================================
Received Prepare
Registering precompiled user dll's ...
Registered in 0.001594 seconds.
Begin MonoManager ReloadAssembly
Native extension for LinuxStandalone target not found
Native extension for WindowsStandalone target not found
Refreshing native plugins compatible for Editor in 0.40 ms, found 0 plugins.
Preloading 0 native plugins for Editor in 0.00 ms.
Invoked RoslynAnalysisRunner static constructor.
RoslynAnalysisRunner will not be running.
RoslynAnalysisRunner has terminated.
Mono: successfully reloaded assembly
- Completed reload, in  0.899 seconds
Platform modules already initialized, skipping
Shader 'Universal Render Pipeline/Particles/Lit': fallback shader 'Universal Render Pipeline/Particles/SimpleLit' not found
Shader 'Universal Render Pipeline/Particles/Lit': fallback shader 'Universal Render Pipeline/Particles/SimpleLit' not found
Refreshing native plugins compatible for Editor in 0.41 ms, found 0 plugins.
Preloading 0 native plugins for Editor in 0.00 ms.
Unloading 2331 Unused Serialized files (Serialized files now loaded: 0)
System memory in use before: 115.1 MB.
System memory in use after: 113.1 MB.

Unloading 40 unused Assets to reduce memory usage. Loaded Objects now: 2899.
Total: 4.120300 ms (FindLiveObjects: 0.320500 ms CreateObjectMapping: 0.065300 ms MarkObjects: 2.207500 ms  DeleteObjects: 1.525500 ms)

========================================================================
Received Prepare
Registering precompiled user dll's ...
Registered in 0.001535 seconds.
Begin MonoManager ReloadAssembly
Native extension for LinuxStandalone target not found
Native extension for WindowsStandalone target not found
Refreshing native plugins compatible for Editor in 0.42 ms, found 0 plugins.
Preloading 0 native plugins for Editor in 0.00 ms.
Invoked RoslynAnalysisRunner static constructor.
RoslynAnalysisRunner will not be running.
RoslynAnalysisRunner has terminated.
Mono: successfully reloaded assembly
- Completed reload, in  0.912 seconds
Platform modules already initialized, skipping
Shader 'Universal Render Pipeline/Particles/Lit': fallback shader 'Universal Render Pipeline/Particles/SimpleLit' not found
Shader 'Universal Render Pipeline/Particles/Lit': fallback shader 'Universal Render Pipeline/Particles/SimpleLit' not found
Refreshing native plugins compatible for Editor in 0.42 ms, found 0 plugins.
Preloading 0 native plugins for Editor in 0.00 ms.
Unloading 2331 Unused Serialized files (Serialized files now loaded: 0)
System memory in use before: 115.1 MB.
System memory in use after: 113.1 MB.

Unloading 40 unused Assets to reduce memory usage. Loaded Objects now: 2901.
Total: 3.850000 ms (FindLiveObjects: 0.288700 ms CreateObjectMapping: 0.063900 ms MarkObjects: 2.009700 ms  DeleteObjects: 1.486700 ms)

========================================================================
Received Prepare
Registering precompiled user dll's ...
Registered in 0.001488 seconds.
Begin MonoManager ReloadAssembly
Native extension for LinuxStandalone target not found
Native extension for WindowsStandalone target not found
Refreshing native plugins compatible for Editor in 0.41 ms, found 0 plugins.
Preloading 0 native plugins for Editor in 0.00 ms.
Invoked RoslynAnalysisRunner static constructor.
RoslynAnalysisRunner will not be running.
RoslynAnalysisRunner has terminated.
Mono: successfully reloaded assembly
- Completed reload, in  0.889 seconds
Platform modules already initialized, skipping
Shader 'Universal Render Pipeline/Particles/Lit': fallback shader 'Universal Render Pipeline/Particles/SimpleLit' not found
Shader 'Universal Render Pipeline/Particles/Lit': fallback shader 'Universal Render Pipeline/Particles/SimpleLit' not found
Refreshing native plugins compatible for Editor in 0.41 ms, found 0 plugins.
Preloading 0 native plugins for Editor in 0.00 ms.
Unloading 2331 Unused Serialized files (Serialized files now loaded: 0)
System memory in use before: 115.0 MB.
System memory in use after: 113.0 MB.

Unloading 40 unused Assets to reduce memory usage. Loaded Objects now: 2903.
Total: 3.751200 ms (FindLiveObjects: 0.289300 ms CreateObjectMapping: 0.065900 ms MarkObjects: 1.980600 ms  DeleteObjects: 1.414100 ms)

========================================================================
Received Prepare
Registering precompiled user dll's ...
Registered in 0.001613 seconds.
Begin MonoManager ReloadAssembly
Native extension for LinuxStandalone target not found
Native extension for WindowsStandalone target not found
Refreshing native plugins compatible for Editor in 0.40 ms, found 0 plugins.
Preloading 0 native plugins for Editor in 0.00 ms.
Invoked RoslynAnalysisRunner static constructor.
RoslynAnalysisRunner will not be running.
RoslynAnalysisRunner has terminated.
Mono: successfully reloaded assembly
- Completed reload, in  0.919 seconds
Platform modules already initialized, skipping
Shader 'Universal Render Pipeline/Particles/Lit': fallback shader 'Universal Render Pipeline/Particles/SimpleLit' not found
Shader 'Universal Render Pipeline/Particles/Lit': fallback shader 'Universal Render Pipeline/Particles/SimpleLit' not found
Refreshing native plugins compatible for Editor in 0.42 ms, found 0 plugins.
Preloading 0 native plugins for Editor in 0.00 ms.
Unloading 2331 Unused Serialized files (Serialized files now loaded: 0)
System memory in use before: 115.1 MB.
System memory in use after: 113.1 MB.

Unloading 40 unused Assets to reduce memory usage. Loaded Objects now: 2905.
Total: 3.555900 ms (FindLiveObjects: 0.273900 ms CreateObjectMapping: 0.064600 ms MarkObjects: 1.831600 ms  DeleteObjects: 1.384800 ms)

========================================================================
Received Prepare
Registering precompiled user dll's ...
Registered in 0.001763 seconds.
Begin MonoManager ReloadAssembly
Native extension for LinuxStandalone target not found
Native extension for WindowsStandalone target not found
Refreshing native plugins compatible for Editor in 0.41 ms, found 0 plugins.
Preloading 0 native plugins for Editor in 0.00 ms.
Invoked RoslynAnalysisRunner static constructor.
RoslynAnalysisRunner will not be running.
RoslynAnalysisRunner has terminated.
Mono: successfully reloaded assembly
- Completed reload, in  0.896 seconds
Platform modules already initialized, skipping
Shader 'Universal Render Pipeline/Particles/Lit': fallback shader 'Universal Render Pipeline/Particles/SimpleLit' not found
Shader 'Universal Render Pipeline/Particles/Lit': fallback shader 'Universal Render Pipeline/Particles/SimpleLit' not found
Refreshing native plugins compatible for Editor in 0.44 ms, found 0 plugins.
Preloading 0 native plugins for Editor in 0.00 ms.
Unloading 2331 Unused Serialized files (Serialized files now loaded: 0)
System memory in use before: 115.0 MB.
System memory in use after: 113.0 MB.

Unloading 40 unused Assets to reduce memory usage. Loaded Objects now: 2907.
Total: 4.512400 ms (FindLiveObjects: 0.541800 ms CreateObjectMapping: 0.192400 ms MarkObjects: 2.312900 ms  DeleteObjects: 1.463600 ms)

========================================================================
Received Prepare
Registering precompiled user dll's ...
Registered in 0.001880 seconds.
Begin MonoManager ReloadAssembly
Native extension for LinuxStandalone target not found
Native extension for WindowsStandalone target not found
Refreshing native plugins compatible for Editor in 0.41 ms, found 0 plugins.
Preloading 0 native plugins for Editor in 0.00 ms.
Invoked RoslynAnalysisRunner static constructor.
RoslynAnalysisRunner will not be running.
RoslynAnalysisRunner has terminated.
Mono: successfully reloaded assembly
- Completed reload, in  0.904 seconds
Platform modules already initialized, skipping
Shader 'Universal Render Pipeline/Particles/Lit': fallback shader 'Universal Render Pipeline/Particles/SimpleLit' not found
Shader 'Universal Render Pipeline/Particles/Lit': fallback shader 'Universal Render Pipeline/Particles/SimpleLit' not found
Refreshing native plugins compatible for Editor in 0.40 ms, found 0 plugins.
Preloading 0 native plugins for Editor in 0.00 ms.
Unloading 2331 Unused Serialized files (Serialized files now loaded: 0)
System memory in use before: 115.0 MB.
System memory in use after: 113.1 MB.

Unloading 40 unused Assets to reduce memory usage. Loaded Objects now: 2909.
Total: 4.275200 ms (FindLiveObjects: 0.441300 ms CreateObjectMapping: 0.112600 ms MarkObjects: 2.238200 ms  DeleteObjects: 1.481300 ms)

========================================================================
Received Prepare
Registering precompiled user dll's ...
Registered in 0.001524 seconds.
Begin MonoManager ReloadAssembly
Native extension for LinuxStandalone target not found
Native extension for WindowsStandalone target not found
Refreshing native plugins compatible for Editor in 0.41 ms, found 0 plugins.
Preloading 0 native plugins for Editor in 0.00 ms.
Invoked RoslynAnalysisRunner static constructor.
RoslynAnalysisRunner will not be running.
RoslynAnalysisRunner has terminated.
Mono: successfully reloaded assembly
- Completed reload, in  0.998 seconds
Platform modules already initialized, skipping
Shader 'Universal Render Pipeline/Particles/Lit': fallback shader 'Universal Render Pipeline/Particles/SimpleLit' not found
Shader 'Universal Render Pipeline/Particles/Lit': fallback shader 'Universal Render Pipeline/Particles/SimpleLit' not found
Refreshing native plugins compatible for Editor in 0.43 ms, found 0 plugins.
Preloading 0 native plugins for Editor in 0.00 ms.
Unloading 2331 Unused Serialized files (Serialized files now loaded: 0)
System memory in use before: 115.1 MB.
System memory in use after: 113.1 MB.

Unloading 40 unused Assets to reduce memory usage. Loaded Objects now: 2911.
Total: 3.589100 ms (FindLiveObjects: 0.284100 ms CreateObjectMapping: 0.062100 ms MarkObjects: 1.808200 ms  DeleteObjects: 1.433800 ms)

========================================================================
Received Prepare
Registering precompiled user dll's ...
Registered in 0.001861 seconds.
Begin MonoManager ReloadAssembly
Native extension for LinuxStandalone target not found
Native extension for WindowsStandalone target not found
Refreshing native plugins compatible for Editor in 0.42 ms, found 0 plugins.
Preloading 0 native plugins for Editor in 0.00 ms.
Invoked RoslynAnalysisRunner static constructor.
RoslynAnalysisRunner will not be running.
RoslynAnalysisRunner has terminated.
Mono: successfully reloaded assembly
- Completed reload, in  0.894 seconds
Platform modules already initialized, skipping
Shader 'Universal Render Pipeline/Particles/Lit': fallback shader 'Universal Render Pipeline/Particles/SimpleLit' not found
Shader 'Universal Render Pipeline/Particles/Lit': fallback shader 'Universal Render Pipeline/Particles/SimpleLit' not found
Refreshing native plugins compatible for Editor in 0.40 ms, found 0 plugins.
Preloading 0 native plugins for Editor in 0.00 ms.
Unloading 2331 Unused Serialized files (Serialized files now loaded: 0)
System memory in use before: 115.1 MB.
System memory in use after: 113.1 MB.

Unloading 40 unused Assets to reduce memory usage. Loaded Objects now: 2913.
Total: 4.185800 ms (FindLiveObjects: 0.299600 ms CreateObjectMapping: 0.066000 ms MarkObjects: 2.322700 ms  DeleteObjects: 1.496200 ms)

========================================================================
Received Prepare
Registering precompiled user dll's ...
Registered in 0.001535 seconds.
Begin MonoManager ReloadAssembly
Native extension for LinuxStandalone target not found
Native extension for WindowsStandalone target not found
Refreshing native plugins compatible for Editor in 0.58 ms, found 0 plugins.
Preloading 0 native plugins for Editor in 0.00 ms.
Invoked RoslynAnalysisRunner static constructor.
RoslynAnalysisRunner will not be running.
RoslynAnalysisRunner has terminated.
Mono: successfully reloaded assembly
- Completed reload, in  0.984 seconds
Platform modules already initialized, skipping
Shader 'Universal Render Pipeline/Particles/Lit': fallback shader 'Universal Render Pipeline/Particles/SimpleLit' not found
Shader 'Universal Render Pipeline/Particles/Lit': fallback shader 'Universal Render Pipeline/Particles/SimpleLit' not found
Refreshing native plugins compatible for Editor in 0.42 ms, found 0 plugins.
Preloading 0 native plugins for Editor in 0.00 ms.
Unloading 2331 Unused Serialized files (Serialized files now loaded: 0)
System memory in use before: 115.2 MB.
System memory in use after: 113.1 MB.

Unloading 40 unused Assets to reduce memory usage. Loaded Objects now: 2915.
Total: 3.803800 ms (FindLiveObjects: 0.282600 ms CreateObjectMapping: 0.062900 ms MarkObjects: 1.982300 ms  DeleteObjects: 1.475100 ms)

========================================================================
Received Prepare
Registering precompiled user dll's ...
Registered in 0.001649 seconds.
Begin MonoManager ReloadAssembly
Native extension for LinuxStandalone target not found
Native extension for WindowsStandalone target not found
Refreshing native plugins compatible for Editor in 0.43 ms, found 0 plugins.
Preloading 0 native plugins for Editor in 0.00 ms.
Invoked RoslynAnalysisRunner static constructor.
RoslynAnalysisRunner will not be running.
RoslynAnalysisRunner has terminated.
Mono: successfully reloaded assembly
- Completed reload, in  0.976 seconds
Platform modules already initialized, skipping
Shader 'Universal Render Pipeline/Particles/Lit': fallback shader 'Universal Render Pipeline/Particles/SimpleLit' not found
Shader 'Universal Render Pipeline/Particles/Lit': fallback shader 'Universal Render Pipeline/Particles/SimpleLit' not found
Refreshing native plugins compatible for Editor in 0.46 ms, found 0 plugins.
Preloading 0 native plugins for Editor in 0.00 ms.
Unloading 2331 Unused Serialized files (Serialized files now loaded: 0)
System memory in use before: 114.7 MB.
System memory in use after: 112.7 MB.

Unloading 40 unused Assets to reduce memory usage. Loaded Objects now: 2917.
Total: 5.024100 ms (FindLiveObjects: 0.397400 ms CreateObjectMapping: 0.093400 ms MarkObjects: 2.831500 ms  DeleteObjects: 1.700300 ms)

========================================================================
Received Prepare
Registering precompiled user dll's ...
Registered in 0.001723 seconds.
Begin MonoManager ReloadAssembly
Native extension for LinuxStandalone target not found
Native extension for WindowsStandalone target not found
Refreshing native plugins compatible for Editor in 0.41 ms, found 0 plugins.
Preloading 0 native plugins for Editor in 0.00 ms.
Invoked RoslynAnalysisRunner static constructor.
RoslynAnalysisRunner will not be running.
RoslynAnalysisRunner has terminated.
Mono: successfully reloaded assembly
- Completed reload, in  0.919 seconds
Platform modules already initialized, skipping
Shader 'Universal Render Pipeline/Particles/Lit': fallback shader 'Universal Render Pipeline/Particles/SimpleLit' not found
Shader 'Universal Render Pipeline/Particles/Lit': fallback shader 'Universal Render Pipeline/Particles/SimpleLit' not found
Refreshing native plugins compatible for Editor in 0.41 ms, found 0 plugins.
Preloading 0 native plugins for Editor in 0.00 ms.
Unloading 2331 Unused Serialized files (Serialized files now loaded: 0)
System memory in use before: 115.1 MB.
System memory in use after: 113.1 MB.

Unloading 40 unused Assets to reduce memory usage. Loaded Objects now: 2919.
Total: 3.620200 ms (FindLiveObjects: 0.293200 ms CreateObjectMapping: 0.065100 ms MarkObjects: 1.837400 ms  DeleteObjects: 1.423500 ms)

========================================================================
Received Prepare
Registering precompiled user dll's ...
Registered in 0.001544 seconds.
Begin MonoManager ReloadAssembly
Native extension for LinuxStandalone target not found
Native extension for WindowsStandalone target not found
Refreshing native plugins compatible for Editor in 0.41 ms, found 0 plugins.
Preloading 0 native plugins for Editor in 0.00 ms.
Invoked RoslynAnalysisRunner static constructor.
RoslynAnalysisRunner will not be running.
RoslynAnalysisRunner has terminated.
Mono: successfully reloaded assembly
- Completed reload, in  0.898 seconds
Platform modules already initialized, skipping
Shader 'Universal Render Pipeline/Particles/Lit': fallback shader 'Universal Render Pipeline/Particles/SimpleLit' not found
Shader 'Universal Render Pipeline/Particles/Lit': fallback shader 'Universal Render Pipeline/Particles/SimpleLit' not found
Refreshing native plugins compatible for Editor in 0.41 ms, found 0 plugins.
Preloading 0 native plugins for Editor in 0.00 ms.
Unloading 2331 Unused Serialized files (Serialized files now loaded: 0)
System memory in use before: 115.1 MB.
System memory in use after: 113.2 MB.

Unloading 40 unused Assets to reduce memory usage. Loaded Objects now: 2921.
Total: 3.554900 ms (FindLiveObjects: 0.281000 ms CreateObjectMapping: 0.065300 ms MarkObjects: 1.805300 ms  DeleteObjects: 1.402400 ms)

========================================================================
Received Prepare
Registering precompiled user dll's ...
Registered in 0.001578 seconds.
Begin MonoManager ReloadAssembly
Native extension for LinuxStandalone target not found
Native extension for WindowsStandalone target not found
Refreshing native plugins compatible for Editor in 0.45 ms, found 0 plugins.
Preloading 0 native plugins for Editor in 0.00 ms.
Invoked RoslynAnalysisRunner static constructor.
RoslynAnalysisRunner will not be running.
RoslynAnalysisRunner has terminated.
Mono: successfully reloaded assembly
- Completed reload, in  0.995 seconds
Platform modules already initialized, skipping
Shader 'Universal Render Pipeline/Particles/Lit': fallback shader 'Universal Render Pipeline/Particles/SimpleLit' not found
Shader 'Universal Render Pipeline/Particles/Lit': fallback shader 'Universal Render Pipeline/Particles/SimpleLit' not found
Refreshing native plugins compatible for Editor in 0.43 ms, found 0 plugins.
Preloading 0 native plugins for Editor in 0.00 ms.
Unloading 2331 Unused Serialized files (Serialized files now loaded: 0)
System memory in use before: 114.9 MB.
System memory in use after: 112.9 MB.

Unloading 40 unused Assets to reduce memory usage. Loaded Objects now: 2923.
Total: 3.582400 ms (FindLiveObjects: 0.291200 ms CreateObjectMapping: 0.065300 ms MarkObjects: 1.818300 ms  DeleteObjects: 1.406500 ms)

========================================================================
Received Prepare
Registering precompiled user dll's ...
Registered in 0.001628 seconds.
Begin MonoManager ReloadAssembly
Native extension for LinuxStandalone target not found
Native extension for WindowsStandalone target not found
Refreshing native plugins compatible for Editor in 0.41 ms, found 0 plugins.
Preloading 0 native plugins for Editor in 0.00 ms.
Invoked RoslynAnalysisRunner static constructor.
RoslynAnalysisRunner will not be running.
RoslynAnalysisRunner has terminated.
Mono: successfully reloaded assembly
- Completed reload, in  0.885 seconds
Platform modules already initialized, skipping
Shader 'Universal Render Pipeline/Particles/Lit': fallback shader 'Universal Render Pipeline/Particles/SimpleLit' not found
Shader 'Universal Render Pipeline/Particles/Lit': fallback shader 'Universal Render Pipeline/Particles/SimpleLit' not found
Refreshing native plugins compatible for Editor in 0.41 ms, found 0 plugins.
Preloading 0 native plugins for Editor in 0.00 ms.
Unloading 2331 Unused Serialized files (Serialized files now loaded: 0)
System memory in use before: 115.2 MB.
System memory in use after: 113.2 MB.

Unloading 40 unused Assets to reduce memory usage. Loaded Objects now: 2925.
Total: 3.781800 ms (FindLiveObjects: 0.285600 ms CreateObjectMapping: 0.064300 ms MarkObjects: 2.001900 ms  DeleteObjects: 1.428900 ms)

========================================================================
Received Prepare
Registering precompiled user dll's ...
Registered in 0.001537 seconds.
Begin MonoManager ReloadAssembly
Native extension for LinuxStandalone target not found
Native extension for WindowsStandalone target not found
Refreshing native plugins compatible for Editor in 0.40 ms, found 0 plugins.
Preloading 0 native plugins for Editor in 0.00 ms.
Invoked RoslynAnalysisRunner static constructor.
RoslynAnalysisRunner will not be running.
RoslynAnalysisRunner has terminated.
Mono: successfully reloaded assembly
- Completed reload, in  0.909 seconds
Platform modules already initialized, skipping
Shader 'Universal Render Pipeline/Particles/Lit': fallback shader 'Universal Render Pipeline/Particles/SimpleLit' not found
Shader 'Universal Render Pipeline/Particles/Lit': fallback shader 'Universal Render Pipeline/Particles/SimpleLit' not found
Refreshing native plugins compatible for Editor in 0.41 ms, found 0 plugins.
Preloading 0 native plugins for Editor in 0.00 ms.
Unloading 2331 Unused Serialized files (Serialized files now loaded: 0)
System memory in use before: 115.1 MB.
System memory in use after: 113.1 MB.

Unloading 40 unused Assets to reduce memory usage. Loaded Objects now: 2927.
Total: 3.792700 ms (FindLiveObjects: 0.284200 ms CreateObjectMapping: 0.062500 ms MarkObjects: 2.024200 ms  DeleteObjects: 1.420900 ms)

========================================================================
Received Prepare
Registering precompiled user dll's ...
Registered in 0.001867 seconds.
Begin MonoManager ReloadAssembly
Native extension for LinuxStandalone target not found
Native extension for WindowsStandalone target not found
Refreshing native plugins compatible for Editor in 0.40 ms, found 0 plugins.
Preloading 0 native plugins for Editor in 0.00 ms.
Invoked RoslynAnalysisRunner static constructor.
RoslynAnalysisRunner will not be running.
RoslynAnalysisRunner has terminated.
Mono: successfully reloaded assembly
- Completed reload, in  0.894 seconds
Platform modules already initialized, skipping
Shader 'Universal Render Pipeline/Particles/Lit': fallback shader 'Universal Render Pipeline/Particles/SimpleLit' not found
Shader 'Universal Render Pipeline/Particles/Lit': fallback shader 'Universal Render Pipeline/Particles/SimpleLit' not found
Refreshing native plugins compatible for Editor in 0.40 ms, found 0 plugins.
Preloading 0 native plugins for Editor in 0.00 ms.
Unloading 2331 Unused Serialized files (Serialized files now loaded: 0)
System memory in use before: 115.0 MB.
System memory in use after: 113.0 MB.

Unloading 40 unused Assets to reduce memory usage. Loaded Objects now: 2929.
Total: 3.918000 ms (FindLiveObjects: 0.282900 ms CreateObjectMapping: 0.063100 ms MarkObjects: 2.106500 ms  DeleteObjects: 1.464400 ms)

========================================================================
Received Import Request.
  Time since last request: 1994.868657 seconds.
  path: Assets/Scripts/Structure.cs
  artifactKey: Guid(812112af86e8e0642ad7f632264f3f74) Importer(815301076,1909f56bfc062723c751e8b465ee728b)
Start importing Assets/Scripts/Structure.cs using Guid(812112af86e8e0642ad7f632264f3f74) Importer(815301076,1909f56bfc062723c751e8b465ee728b)  -> (artifact id: '3608ae479557a89d961757ce31664cab') in 0.009814 seconds
  Import took 0.013595 seconds .

========================================================================
Received Prepare
Registering precompiled user dll's ...
Registered in 0.001576 seconds.
Begin MonoManager ReloadAssembly
Native extension for LinuxStandalone target not found
Native extension for WindowsStandalone target not found
Refreshing native plugins compatible for Editor in 0.42 ms, found 0 plugins.
Preloading 0 native plugins for Editor in 0.00 ms.
Invoked RoslynAnalysisRunner static constructor.
RoslynAnalysisRunner will not be running.
RoslynAnalysisRunner has terminated.
Mono: successfully reloaded assembly
- Completed reload, in  0.903 seconds
Platform modules already initialized, skipping
Shader 'Universal Render Pipeline/Particles/Lit': fallback shader 'Universal Render Pipeline/Particles/SimpleLit' not found
Shader 'Universal Render Pipeline/Particles/Lit': fallback shader 'Universal Render Pipeline/Particles/SimpleLit' not found
Refreshing native plugins compatible for Editor in 0.58 ms, found 0 plugins.
Preloading 0 native plugins for Editor in 0.00 ms.
Unloading 2331 Unused Serialized files (Serialized files now loaded: 0)
System memory in use before: 115.2 MB.
System memory in use after: 113.2 MB.

Unloading 40 unused Assets to reduce memory usage. Loaded Objects now: 2931.
Total: 3.929700 ms (FindLiveObjects: 0.317100 ms CreateObjectMapping: 0.067000 ms MarkObjects: 2.048100 ms  DeleteObjects: 1.496300 ms)

========================================================================
Received Prepare
Registering precompiled user dll's ...
Registered in 0.001485 seconds.
Begin MonoManager ReloadAssembly
Native extension for LinuxStandalone target not found
Native extension for WindowsStandalone target not found
Refreshing native plugins compatible for Editor in 0.40 ms, found 0 plugins.
Preloading 0 native plugins for Editor in 0.00 ms.
Invoked RoslynAnalysisRunner static constructor.
RoslynAnalysisRunner will not be running.
RoslynAnalysisRunner has terminated.
Mono: successfully reloaded assembly
- Completed reload, in  0.893 seconds
Platform modules already initialized, skipping
Shader 'Universal Render Pipeline/Particles/Lit': fallback shader 'Universal Render Pipeline/Particles/SimpleLit' not found
Shader 'Universal Render Pipeline/Particles/Lit': fallback shader 'Universal Render Pipeline/Particles/SimpleLit' not found
Refreshing native plugins compatible for Editor in 0.40 ms, found 0 plugins.
Preloading 0 native plugins for Editor in 0.00 ms.
Unloading 2331 Unused Serialized files (Serialized files now loaded: 0)
System memory in use before: 115.2 MB.
System memory in use after: 113.2 MB.

Unloading 40 unused Assets to reduce memory usage. Loaded Objects now: 2933.
Total: 3.741100 ms (FindLiveObjects: 0.287800 ms CreateObjectMapping: 0.062700 ms MarkObjects: 1.956900 ms  DeleteObjects: 1.433000 ms)

========================================================================
Received Prepare
Registering precompiled user dll's ...
Registered in 0.001618 seconds.
Begin MonoManager ReloadAssembly
Native extension for LinuxStandalone target not found
Native extension for WindowsStandalone target not found
Refreshing native plugins compatible for Editor in 0.57 ms, found 0 plugins.
Preloading 0 native plugins for Editor in 0.00 ms.
Invoked RoslynAnalysisRunner static constructor.
RoslynAnalysisRunner will not be running.
RoslynAnalysisRunner has terminated.
Mono: successfully reloaded assembly
- Completed reload, in  1.003 seconds
Platform modules already initialized, skipping
Shader 'Universal Render Pipeline/Particles/Lit': fallback shader 'Universal Render Pipeline/Particles/SimpleLit' not found
Shader 'Universal Render Pipeline/Particles/Lit': fallback shader 'Universal Render Pipeline/Particles/SimpleLit' not found
Refreshing native plugins compatible for Editor in 0.59 ms, found 0 plugins.
Preloading 0 native plugins for Editor in 0.00 ms.
Unloading 2331 Unused Serialized files (Serialized files now loaded: 0)
System memory in use before: 115.1 MB.
System memory in use after: 113.0 MB.

Unloading 40 unused Assets to reduce memory usage. Loaded Objects now: 2935.
Total: 4.550000 ms (FindLiveObjects: 0.490400 ms CreateObjectMapping: 0.149400 ms MarkObjects: 2.223100 ms  DeleteObjects: 1.684800 ms)

